<?xml version="1.0" encoding="UTF-8"?>
<testsuite xmlns:xsi="http://www.w3.org/2001/XMLSchema-instance" xsi:noNamespaceSchemaLocation="https://maven.apache.org/surefire/maven-surefire-plugin/xsd/surefire-test-report.xsd" name="com.itree.test.CalculatorTest" time="10.089" tests="8" errors="1" skipped="1" failures="1">
  <properties>
[...]
</properties>
  <testcase name="testAdd" classname="com.itree.test.CalculatorTest" time="0.005"/>
  <testcase name="testDiv" classname="com.itree.test.CalculatorTest" time="0.003"/>
  <testcase name="testSqu" classname="com.itree.test.CalculatorTest" time="0.001"/>
  <testcase name="testSub" classname="com.itree.test.CalculatorTest" time="0.001"/>
  <testcase name="testmul" classname="com.itree.test.CalculatorTest" time="0.007">
    <failure message="Not yet implemented" type="java.lang.AssertionError">java.lang.AssertionError: Not yet implemented
	at com.itree.test.CalculatorTest.testmul(CalculatorTest.java:85)
</failure>
    <system-out><![CDATA[我是before！！！！！！！
我是after？？？？？？
]]></system-out>
  </testcase>
  <testcase name="test" classname="com.itree.test.CalculatorTest" time="0">
    <skipped message="test() 我是自动生成的那一个错误的"/>
  </testcase>
  <testcase name="divideByZero" classname="com.itree.test.CalculatorTest" time="0"/>
  <testcase name="squareRoot" classname="com.itree.test.CalculatorTest" time="10.002">
    <error message="test timed out after 10000 milliseconds" type="java.lang.Exception">java.lang.Exception: test timed out after 10000 milliseconds
	at com.itree.test.CalculatorTest.squareRoot(CalculatorTest.java:92)
</error>
    <system-out><![CDATA[我是before！！！！！！！
我是after？？？？？？
]]></system-out>
  </testcase>
</testsuite>