<?xml version="1.0" encoding="UTF-8"?>
<testsuite xmlns:xsi="http://www.w3.org/2001/XMLSchema-instance" xsi:noNamespaceSchemaLocation="https://maven.apache.org/surefire/maven-surefire-plugin/xsd/surefire-test-report.xsd" name="com.itree.test.SquareTest" time="0.001" tests="3" errors="0" skipped="0" failures="0">
  <properties>
[...]
</properties>
  <testcase name="square[0]" classname="com.itree.test.SquareTest" time="0"/>
  <testcase name="square[1]" classname="com.itree.test.SquareTest" time="0"/>
  <testcase name="square[2]" classname="com.itree.test.SquareTest" time="0"/>
</testsuite>